#
# A fatal error has been detected by the Java Runtime Environment:
#
#  SIGSEGV (0xb) at pc=0x00007f713e843264, pid=20882, tid=140124380059392
#
# JRE version: OpenJDK Runtime Environment (7.0_95) (build 1.7.0_95-b00)
# Java VM: OpenJDK 64-Bit Server VM (24.95-b01 mixed mode linux-amd64 compressed oops)
# Derivative: IcedTea 2.6.4
# Distribution: Ubuntu 14.04.3 LTS, package 7u95-2.6.4-0ubuntu0.14.04.1
# Problematic frame:
# V  [libjvm.so+0x607264]
#
# Failed to write core dump. Core dumps have been disabled. To enable core dumping, try "ulimit -c unlimited" before starting Java again
#
# If you would like to submit a bug report, please include
# instructions on how to reproduce the bug and visit:
#   http://icedtea.classpath.org/bugzilla
#

---------------  T H R E A D  ---------------

Current thread (0x00007f713800a000):  JavaThread "main" [_thread_in_vm, id=20883, stack(0x00007f713fd5d000,0x00007f713fe5e000)]

siginfo:si_signo=SIGSEGV: si_errno=0, si_code=1 (SEGV_MAPERR), si_addr=0x0000000000000000

Registers:
RAX=0x00007f713f0292e0, RBX=0x00007f713800a000, RCX=0x00007f713800a1d8, RDX=0x00007f713f0276d3
RSP=0x00007f713fe5c720, RBP=0x00007f713fe5c770, RSI=0x0000000000000000, RDI=0x00007f713800a000
R8 =0x00007f713f7fddc0, R9 =0x6a6e65706f2f646c, R10=0x00007f713fa43fe0, R11=0x0000000000000000
R12=0x0000000000000000, R13=0x00000006fbeab9d0, R14=0x0000000000000000, R15=0x00007f713800a000
RIP=0x00007f713e843264, EFLAGS=0x0000000000010202, CSGSFS=0x0000000000000033, ERR=0x0000000000000004
  TRAPNO=0x000000000000000e

Top of Stack: (sp=0x00007f713fe5c720)
0x00007f713fe5c720:   00007f713800a000 00007f713800aa78
0x00007f713fe5c730:   00007f7100000daf 00007f713ebdcfa8
0x00007f713fe5c740:   0000000000000000 00000006fbeab9d0
0x00007f713fe5c750:   0000000000000000 00000006fbeab9d0
0x00007f713fe5c760:   00007f713fe5c938 00007f713800a000
0x00007f713fe5c770:   00007f713fe5c870 00007f71188f0ae6
0x00007f713fe5c780:   00007f713fe5c920 00007f713fe5c928
0x00007f713fe5c790:   00007f713fe5c930 00007f713fe5c938
0x00007f713fe5c7a0:   00007f713fe5c900 00007f713800a1d8
0x00007f713fe5c7b0:   000000373fe5c810 0000000000000001
0x00007f713fe5c7c0:   0000000000000000 00007f71000000c6
0x00007f713fe5c7d0:   00007f713818e4e0 00007f713818e420
0x00007f713fe5c7e0:   0000000000000000 0000000000000000
0x00007f713fe5c7f0:   00007f7138186340 00007f7138186130
0x00007f713fe5c800:   00007f713fe5cab0 00007f71380074b0
0x00007f713fe5c810:   00007f713fe5c860 00007f713e8247e5
0x00007f713fe5c820:   00007f713800a000 00007f713fe5c840
0x00007f713fe5c830:   00007f713800a000 00007f7135006058
0x00007f713fe5c840:   00000006fbeab9d0 0000000000000000
0x00007f713fe5c850:   00000006fbeab9d0 aa48d388f7d43d00
0x00007f713fe5c860:   00007f713fe5c8f0 00000006fbeab9d0
0x00007f713fe5c870:   00007f713fe5c8f0 00007f7135012d98
0x00007f713fe5c880:   00007f7100000037 00007f7100000007
0x00007f713fe5c890:   00007f713800aac8 00007f713800aac8
0x00007f713fe5c8a0:   00007f71fffffffe 0000000000000000
0x00007f713fe5c8b0:   00007f713fe5c8b0 00000006fbeab9d0
0x00007f713fe5c8c0:   00007f713fe5c938 00000006fbeafbc0
0x00007f713fe5c8d0:   0000000000000000 00000006fbeab9d0
0x00007f713fe5c8e0:   0000000000000000 00007f713fe5c910
0x00007f713fe5c8f0:   00007f713fe5c980 00007f7135006233
0x00007f713fe5c900:   00000007acb4f818 00007f713500ecdb
0x00007f713fe5c910:   0000000000000007 0000000000000037 

Instructions: (pc=0x00007f713e843264)
0x00007f713e843244:   c7 45 b8 00 00 00 00 74 09 48 8d 7d b0 e8 1a c4
0x00007f713e843254:   21 00 48 8d 15 76 44 7e 00 48 8d 05 7c 60 7e 00
0x00007f713e843264:   4d 8b 2c 24 80 3a 00 48 63 00 0f 85 9c 00 00 00
0x00007f713e843274:   49 8b 44 05 00 48 85 c0 0f 84 be 00 00 00 4c 89 

Register to memory mapping:

RAX=0x00007f713f0292e0: <offset 0xded2e0> in /usr/lib/jvm/java-7-openjdk-amd64/jre/lib/amd64/server/libjvm.so at 0x00007f713e23c000
RBX=0x00007f713800a000 is a thread
RCX=0x00007f713800a1d8 is an unknown value
RDX=0x00007f713f0276d3: <offset 0xdeb6d3> in /usr/lib/jvm/java-7-openjdk-amd64/jre/lib/amd64/server/libjvm.so at 0x00007f713e23c000
RSP=0x00007f713fe5c720 is pointing into the stack for thread: 0x00007f713800a000
RBP=0x00007f713fe5c770 is pointing into the stack for thread: 0x00007f713800a000
RSI=0x0000000000000000 is an unknown value
RDI=0x00007f713800a000 is a thread
R8 =0x00007f713f7fddc0: _itoa_lower_digits+0 in /lib/x86_64-linux-gnu/libc.so.6 at 0x00007f713f687000
R9 =0x6a6e65706f2f646c is an unknown value
R10=0x00007f713fa43fe0: <offset 0x3bcfe0> in /lib/x86_64-linux-gnu/libc.so.6 at 0x00007f713f687000
R11=0x0000000000000000 is an unknown value
R12=0x0000000000000000 is an unknown value
R13=0x00000006fbeab9d0 is an oop
{method} 
 - klass: {other class}
R14=0x0000000000000000 is an unknown value
R15=0x00007f713800a000 is a thread


Stack: [0x00007f713fd5d000,0x00007f713fe5e000],  sp=0x00007f713fe5c720,  free space=1021k
Native frames: (J=compiled Java code, j=interpreted, Vv=VM code, C=native code)
V  [libjvm.so+0x607264]
C  [libjnidll.so+0xae6]  Java_Cpu_get_1result+0x18b
j  Cpu.get_result([Ljava/lang/String;[Ljava/lang/String;[Ljava/lang/String;[Ljava/lang/String;II)[Ljava/lang/String;+0
j  Cpu.main([Ljava/lang/String;)V+435
v  ~StubRoutines::call_stub
V  [libjvm.so+0x5ee2a9]
V  [libjvm.so+0x5edd48]
V  [libjvm.so+0x5fd66b]
V  [libjvm.so+0x60e708]
C  [libjli.so+0x31f9]

Java frames: (J=compiled Java code, j=interpreted, Vv=VM code)
j  Cpu.get_result([Ljava/lang/String;[Ljava/lang/String;[Ljava/lang/String;[Ljava/lang/String;II)[Ljava/lang/String;+0
j  Cpu.main([Ljava/lang/String;)V+435
v  ~StubRoutines::call_stub

---------------  P R O C E S S  ---------------

Java Threads: ( => current thread )
  0x00007f71380b6800 JavaThread "Service Thread" daemon [_thread_blocked, id=20898, stack(0x00007f7118bf4000,0x00007f7118cf5000)]
  0x00007f71380b4800 JavaThread "C2 CompilerThread1" daemon [_thread_blocked, id=20897, stack(0x00007f7118cf5000,0x00007f7118df6000)]
  0x00007f71380b1800 JavaThread "C2 CompilerThread0" daemon [_thread_in_native, id=20896, stack(0x00007f7118df6000,0x00007f7118ef7000)]
  0x00007f71380af800 JavaThread "Signal Dispatcher" daemon [_thread_blocked, id=20895, stack(0x00007f7118ef7000,0x00007f7118ff8000)]
  0x00007f7138084800 JavaThread "Finalizer" daemon [_thread_blocked, id=20894, stack(0x00007f71196da000,0x00007f71197db000)]
  0x00007f7138082800 JavaThread "Reference Handler" daemon [_thread_blocked, id=20893, stack(0x00007f71197db000,0x00007f71198dc000)]
=>0x00007f713800a000 JavaThread "main" [_thread_in_vm, id=20883, stack(0x00007f713fd5d000,0x00007f713fe5e000)]

Other Threads:
  0x00007f713807e000 VMThread [stack: 0x00007f71198dc000,0x00007f71199dd000] [id=20892]
  0x00007f71380c1800 WatcherThread [stack: 0x00007f7118af3000,0x00007f7118bf4000] [id=20899]

VM state:not at safepoint (normal execution)

VM Mutex/Monitor currently owned by a thread: None

Heap
 PSYoungGen      total 75264K, used 2601K [0x00000007acb00000, 0x00000007b1e80000, 0x0000000800000000)
  eden space 65024K, 4% used [0x00000007acb00000,0x00000007acd8a4c8,0x00000007b0a80000)
  from space 10240K, 0% used [0x00000007b1480000,0x00000007b1480000,0x00000007b1e80000)
  to   space 10240K, 0% used [0x00000007b0a80000,0x00000007b0a80000,0x00000007b1480000)
 ParOldGen       total 170496K, used 0K [0x0000000706200000, 0x0000000710880000, 0x00000007acb00000)
  object space 170496K, 0% used [0x0000000706200000,0x0000000706200000,0x0000000710880000)
 PSPermGen       total 21504K, used 4228K [0x00000006fbc00000, 0x00000006fd100000, 0x0000000706200000)
  object space 21504K, 19% used [0x00000006fbc00000,0x00000006fc021060,0x00000006fd100000)

Card table byte_map: [0x00007f713c16c000,0x00007f713c98f000] byte_map_base: 0x00007f713898e000

Polling page: 0x00007f713fe79000

Code Cache  [0x00007f7135000000, 0x00007f7135270000, 0x00007f7138000000)
 total_blobs=233 nmethods=9 adapters=178 free_code_cache=48738Kb largest_free_block=49886528

Compilation events (10 events):
Event: 0.070 Thread 0x00007f71380b4800    6             sun.misc.ASCIICaseInsensitiveComparator::toLower (16 bytes)
Event: 0.071 Thread 0x00007f71380b4800 nmethod 6 0x00007f71350663d0 code [0x00007f7135066500, 0x00007f7135066558]
Event: 0.071 Thread 0x00007f71380b4800    7             sun.misc.ASCIICaseInsensitiveComparator::isUpper (18 bytes)
Event: 0.071 Thread 0x00007f71380b4800 nmethod 7 0x00007f7135065010 code [0x00007f7135065140, 0x00007f7135065198]
Event: 0.071 Thread 0x00007f71380b4800    8             java.lang.String::length (6 bytes)
Event: 0.071 Thread 0x00007f71380b4800 nmethod 8 0x00007f7135064dd0 code [0x00007f7135064f00, 0x00007f7135064f78]
Event: 0.072 Thread 0x00007f71380b1800 nmethod 5 0x00007f71350679d0 code [0x00007f7135067b20, 0x00007f7135067e58]
Event: 0.073 Thread 0x00007f71380b4800    9             sun.misc.ASCIICaseInsensitiveComparator::compare (13 bytes)
Event: 0.076 Thread 0x00007f71380b4800 nmethod 9 0x00007f7135067190 code [0x00007f7135067300, 0x00007f71350676f8]
Event: 0.079 Thread 0x00007f71380b1800   10             java.util.regex.Matcher::search (109 bytes)

GC Heap History (0 events):
No events

Deoptimization events (0 events):
No events

Internal exceptions (10 events):
Event: 0.041 Thread 0x00007f713800a000 Threw 0x00000007acb48370 at /build/openjdk-7-2FOwCu/openjdk-7-7u95-2.6.4/build/openjdk/hotspot/src/share/vm/prims/jvm.cpp:1322
Event: 0.041 Thread 0x00007f713800a000 Threw 0x00000007acb49ac0 at /build/openjdk-7-2FOwCu/openjdk-7-7u95-2.6.4/build/openjdk/hotspot/src/share/vm/prims/jvm.cpp:1322
Event: 0.060 Thread 0x00007f713800a000 Threw 0x00000007acb9c068 at /build/openjdk-7-2FOwCu/openjdk-7-7u95-2.6.4/build/openjdk/hotspot/src/share/vm/prims/jvm.cpp:1322
Event: 0.060 Thread 0x00007f713800a000 Threw 0x00000007acb9c190 at /build/openjdk-7-2FOwCu/openjdk-7-7u95-2.6.4/build/openjdk/hotspot/src/share/vm/prims/jvm.cpp:1322
Event: 0.060 Thread 0x00007f713800a000 Threw 0x00000007acb9e740 at /build/openjdk-7-2FOwCu/openjdk-7-7u95-2.6.4/build/openjdk/hotspot/src/share/vm/prims/jvm.cpp:1322
Event: 0.060 Thread 0x00007f713800a000 Threw 0x00000007acb9e868 at /build/openjdk-7-2FOwCu/openjdk-7-7u95-2.6.4/build/openjdk/hotspot/src/share/vm/prims/jvm.cpp:1322
Event: 0.061 Thread 0x00007f713800a000 Threw 0x00000007acb9f168 at /build/openjdk-7-2FOwCu/openjdk-7-7u95-2.6.4/build/openjdk/hotspot/src/share/vm/prims/jvm.cpp:1322
Event: 0.061 Thread 0x00007f713800a000 Threw 0x00000007acb9f290 at /build/openjdk-7-2FOwCu/openjdk-7-7u95-2.6.4/build/openjdk/hotspot/src/share/vm/prims/jvm.cpp:1322
Event: 0.080 Thread 0x00007f713800a000 Threw 0x00000007acc2fdc0 at /build/openjdk-7-2FOwCu/openjdk-7-7u95-2.6.4/build/openjdk/hotspot/src/share/vm/prims/jni.cpp:3503
Event: 0.080 Thread 0x00007f713800a000 Threw 0x00000007acc2ff10 at /build/openjdk-7-2FOwCu/openjdk-7-7u95-2.6.4/build/openjdk/hotspot/src/share/vm/prims/jni.cpp:3503

Events (10 events):
Event: 0.076 loading class 0x00007f7134325960
Event: 0.076 loading class 0x00007f7134325960 done
Event: 0.076 loading class 0x00007f70e40111f0
Event: 0.076 loading class 0x00007f713431d520
Event: 0.076 loading class 0x00007f713431d520 done
Event: 0.076 loading class 0x00007f70e40111f0 done
Event: 0.079 loading class 0x00007f71342efde0
Event: 0.079 loading class 0x00007f71342effe0
Event: 0.080 loading class 0x00007f71342effe0 done
Event: 0.080 loading class 0x00007f71342efde0 done


Dynamic libraries:
00400000-00401000 r-xp 00000000 08:01 33310345                           /usr/lib/jvm/java-7-openjdk-amd64/jre/bin/java
00600000-00601000 r--p 00000000 08:01 33310345                           /usr/lib/jvm/java-7-openjdk-amd64/jre/bin/java
00601000-00602000 rw-p 00001000 08:01 33310345                           /usr/lib/jvm/java-7-openjdk-amd64/jre/bin/java
01cf0000-01d11000 rw-p 00000000 00:00 0                                  [heap]
6fbc00000-6fd100000 rw-p 00000000 00:00 0 
6fd100000-706200000 rw-p 00000000 00:00 0 
706200000-710880000 rw-p 00000000 00:00 0 
710880000-7acb00000 rw-p 00000000 00:00 0 
7acb00000-7b1e80000 rw-p 00000000 00:00 0 
7b1e80000-800000000 rw-p 00000000 00:00 0 
7f70dc000000-7f70dc021000 rw-p 00000000 00:00 0 
7f70dc021000-7f70e0000000 ---p 00000000 00:00 0 
7f70e4000000-7f70e4076000 rw-p 00000000 00:00 0 
7f70e4076000-7f70e8000000 ---p 00000000 00:00 0 
7f70e8000000-7f70e8021000 rw-p 00000000 00:00 0 
7f70e8021000-7f70ec000000 ---p 00000000 00:00 0 
7f70ec000000-7f70ec021000 rw-p 00000000 00:00 0 
7f70ec021000-7f70f0000000 ---p 00000000 00:00 0 
7f70f0000000-7f70f00a8000 rw-p 00000000 00:00 0 
7f70f00a8000-7f70f4000000 ---p 00000000 00:00 0 
7f70f4000000-7f70f4021000 rw-p 00000000 00:00 0 
7f70f4021000-7f70f8000000 ---p 00000000 00:00 0 
7f70f8000000-7f70f8021000 rw-p 00000000 00:00 0 
7f70f8021000-7f70fc000000 ---p 00000000 00:00 0 
7f70fc000000-7f70fc021000 rw-p 00000000 00:00 0 
7f70fc021000-7f7100000000 ---p 00000000 00:00 0 
7f7100000000-7f7100021000 rw-p 00000000 00:00 0 
7f7100021000-7f7104000000 ---p 00000000 00:00 0 
7f7104000000-7f7104021000 rw-p 00000000 00:00 0 
7f7104021000-7f7108000000 ---p 00000000 00:00 0 
7f710c000000-7f710c021000 rw-p 00000000 00:00 0 
7f710c021000-7f7110000000 ---p 00000000 00:00 0 
7f711301f000-7f711305c000 r-xp 00000000 08:01 29101972                   /lib/x86_64-linux-gnu/libpcre.so.3.13.1
7f711305c000-7f711325b000 ---p 0003d000 08:01 29101972                   /lib/x86_64-linux-gnu/libpcre.so.3.13.1
7f711325b000-7f711325c000 r--p 0003c000 08:01 29101972                   /lib/x86_64-linux-gnu/libpcre.so.3.13.1
7f711325c000-7f711325d000 rw-p 0003d000 08:01 29101972                   /lib/x86_64-linux-gnu/libpcre.so.3.13.1
7f711325d000-7f7113264000 r-xp 00000000 08:01 31852670                   /usr/lib/x86_64-linux-gnu/libffi.so.6.0.1
7f7113264000-7f7113463000 ---p 00007000 08:01 31852670                   /usr/lib/x86_64-linux-gnu/libffi.so.6.0.1
7f7113463000-7f7113464000 r--p 00006000 08:01 31852670                   /usr/lib/x86_64-linux-gnu/libffi.so.6.0.1
7f7113464000-7f7113465000 rw-p 00007000 08:01 31852670                   /usr/lib/x86_64-linux-gnu/libffi.so.6.0.1
7f7113465000-7f711347c000 r-xp 00000000 08:01 29098988                   /lib/x86_64-linux-gnu/libresolv-2.19.so
7f711347c000-7f711367c000 ---p 00017000 08:01 29098988                   /lib/x86_64-linux-gnu/libresolv-2.19.so
7f711367c000-7f711367d000 r--p 00017000 08:01 29098988                   /lib/x86_64-linux-gnu/libresolv-2.19.so
7f711367d000-7f711367e000 rw-p 00018000 08:01 29098988                   /lib/x86_64-linux-gnu/libresolv-2.19.so
7f711367e000-7f7113680000 rw-p 00000000 00:00 0 
7f7113680000-7f71136a0000 r-xp 00000000 08:01 29102079                   /lib/x86_64-linux-gnu/libselinux.so.1
7f71136a0000-7f711389f000 ---p 00020000 08:01 29102079                   /lib/x86_64-linux-gnu/libselinux.so.1
7f711389f000-7f71138a0000 r--p 0001f000 08:01 29102079                   /lib/x86_64-linux-gnu/libselinux.so.1
7f71138a0000-7f71138a1000 rw-p 00020000 08:01 29102079                   /lib/x86_64-linux-gnu/libselinux.so.1
7f71138a1000-7f71138a3000 rw-p 00000000 00:00 0 
7f71138a3000-7f71138a6000 r-xp 00000000 08:01 31850989                   /usr/lib/x86_64-linux-gnu/libgmodule-2.0.so.0.4002.0
7f71138a6000-7f7113aa5000 ---p 00003000 08:01 31850989                   /usr/lib/x86_64-linux-gnu/libgmodule-2.0.so.0.4002.0
7f7113aa5000-7f7113aa6000 r--p 00002000 08:01 31850989                   /usr/lib/x86_64-linux-gnu/libgmodule-2.0.so.0.4002.0
7f7113aa6000-7f7113aa7000 rw-p 00003000 08:01 31850989                   /usr/lib/x86_64-linux-gnu/libgmodule-2.0.so.0.4002.0
7f7113aa7000-7f7113bad000 r-xp 00000000 08:01 29098969                   /lib/x86_64-linux-gnu/libglib-2.0.so.0.4002.0
7f7113bad000-7f7113dac000 ---p 00106000 08:01 29098969                   /lib/x86_64-linux-gnu/libglib-2.0.so.0.4002.0
7f7113dac000-7f7113dad000 r--p 00105000 08:01 29098969                   /lib/x86_64-linux-gnu/libglib-2.0.so.0.4002.0
7f7113dad000-7f7113dae000 rw-p 00106000 08:01 29098969                   /lib/x86_64-linux-gnu/libglib-2.0.so.0.4002.0
7f7113dae000-7f7113daf000 rw-p 00000000 00:00 0 
7f7113daf000-7f7113dfe000 r-xp 00000000 08:01 31850990                   /usr/lib/x86_64-linux-gnu/libgobject-2.0.so.0.4002.0
7f7113dfe000-7f7113ffe000 ---p 0004f000 08:01 31850990                   /usr/lib/x86_64-linux-gnu/libgobject-2.0.so.0.4002.0
7f7113ffe000-7f7113fff000 r--p 0004f000 08:01 31850990                   /usr/lib/x86_64-linux-gnu/libgobject-2.0.so.0.4002.0
7f7113fff000-7f7114000000 rw-p 00050000 08:01 31850990                   /usr/lib/x86_64-linux-gnu/libgobject-2.0.so.0.4002.0
7f7114000000-7f7114021000 rw-p 00000000 00:00 0 
7f7114021000-7f7118000000 ---p 00000000 00:00 0 
7f7118122000-7f7118153000 rw-p 00000000 00:00 0 
7f7118153000-7f71182bf000 r-xp 00000000 08:01 31850992                   /usr/lib/x86_64-linux-gnu/libgio-2.0.so.0.4002.0
7f71182bf000-7f71184be000 ---p 0016c000 08:01 31850992                   /usr/lib/x86_64-linux-gnu/libgio-2.0.so.0.4002.0
7f71184be000-7f71184c2000 r--p 0016b000 08:01 31850992                   /usr/lib/x86_64-linux-gnu/libgio-2.0.so.0.4002.0
7f71184c2000-7f71184c4000 rw-p 0016f000 08:01 31850992                   /usr/lib/x86_64-linux-gnu/libgio-2.0.so.0.4002.0
7f71184c4000-7f71184c6000 rw-p 00000000 00:00 0 
7f71184c6000-7f71184dd000 r-xp 00000000 08:01 33310476                   /usr/lib/jvm/java-7-openjdk-amd64/jre/lib/amd64/libnet.so
7f71184dd000-7f71186dc000 ---p 00017000 08:01 33310476                   /usr/lib/jvm/java-7-openjdk-amd64/jre/lib/amd64/libnet.so
7f71186dc000-7f71186dd000 r--p 00016000 08:01 33310476                   /usr/lib/jvm/java-7-openjdk-amd64/jre/lib/amd64/libnet.so
7f71186dd000-7f71186de000 rw-p 00017000 08:01 33310476                   /usr/lib/jvm/java-7-openjdk-amd64/jre/lib/amd64/libnet.so
7f71186de000-7f71186ee000 r-xp 00000000 08:01 33310458                   /usr/lib/jvm/java-7-openjdk-amd64/jre/lib/amd64/libnio.so
7f71186ee000-7f71188ee000 ---p 00010000 08:01 33310458                   /usr/lib/jvm/java-7-openjdk-amd64/jre/lib/amd64/libnio.so
7f71188ee000-7f71188ef000 r--p 00010000 08:01 33310458                   /usr/lib/jvm/java-7-openjdk-amd64/jre/lib/amd64/libnio.so
7f71188ef000-7f71188f0000 rw-p 00011000 08:01 33310458                   /usr/lib/jvm/java-7-openjdk-amd64/jre/lib/amd64/libnio.so
7f71188f0000-7f71188f2000 r-xp 00000000 08:01 40108632                   /home/dblab/lijianing/lijianing_join/hash_cpu/libjnidll.so
7f71188f2000-7f7118af1000 ---p 00002000 08:01 40108632                   /home/dblab/lijianing/lijianing_join/hash_cpu/libjnidll.so
7f7118af1000-7f7118af2000 r--p 00001000 08:01 40108632                   /home/dblab/lijianing/lijianing_join/hash_cpu/libjnidll.so
7f7118af2000-7f7118af3000 rw-p 00002000 08:01 40108632                   /home/dblab/lijianing/lijianing_join/hash_cpu/libjnidll.so
7f7118af3000-7f7118af4000 ---p 00000000 00:00 0 
7f7118af4000-7f7118bf4000 rw-p 00000000 00:00 0                          [stack:20899]
7f7118bf4000-7f7118bf7000 ---p 00000000 00:00 0 
7f7118bf7000-7f7118cf5000 rw-p 00000000 00:00 0                          [stack:20898]
7f7118cf5000-7f7118cf8000 ---p 00000000 00:00 0 
7f7118cf8000-7f7118df6000 rw-p 00000000 00:00 0                          [stack:20897]
7f7118df6000-7f7118df9000 ---p 00000000 00:00 0 
7f7118df9000-7f7118ef7000 rw-p 00000000 00:00 0                          [stack:20896]
7f7118ef7000-7f7118efa000 ---p 00000000 00:00 0 
7f7118efa000-7f7118ff8000 rw-p 00000000 00:00 0                          [stack:20895]
7f7118ff8000-7f71196da000 r--p 00000000 08:01 31857155                   /usr/lib/locale/locale-archive
7f71196da000-7f71196dd000 ---p 00000000 00:00 0 
7f71196dd000-7f71197db000 rw-p 00000000 00:00 0                          [stack:20894]
7f71197db000-7f71197de000 ---p 00000000 00:00 0 
7f71197de000-7f71198dc000 rw-p 00000000 00:00 0                          [stack:20893]
7f71198dc000-7f71198dd000 ---p 00000000 00:00 0 
7f71198dd000-7f7124000000 rw-p 00000000 00:00 0                          [stack:20892]
7f7124000000-7f7124021000 rw-p 00000000 00:00 0 
7f7124021000-7f7128000000 ---p 00000000 00:00 0 
7f7128000000-7f7128021000 rw-p 00000000 00:00 0 
7f7128021000-7f712c000000 ---p 00000000 00:00 0 
7f712c000000-7f712c021000 rw-p 00000000 00:00 0 
7f712c021000-7f7130000000 ---p 00000000 00:00 0 
7f7130000000-7f7130021000 rw-p 00000000 00:00 0 
7f7130021000-7f7134000000 ---p 00000000 00:00 0 
7f713401b000-7f71340c7000 rw-p 00000000 00:00 0 
7f71340c7000-7f7134279000 r--s 01d2f000 08:01 33310442                   /usr/lib/jvm/java-7-openjdk-amd64/jre/lib/rt.jar
7f7134279000-7f71343c4000 rw-p 00000000 00:00 0 
7f71343c4000-7f71343c5000 ---p 00000000 00:00 0 
7f71343c5000-7f71344c5000 rw-p 00000000 00:00 0                          [stack:20891]
7f71344c5000-7f71344c6000 ---p 00000000 00:00 0 
7f71344c6000-7f71345c6000 rw-p 00000000 00:00 0                          [stack:20890]
7f71345c6000-7f71345c7000 ---p 00000000 00:00 0 
7f71345c7000-7f71346c7000 rw-p 00000000 00:00 0                          [stack:20889]
7f71346c7000-7f71346c8000 ---p 00000000 00:00 0 
7f71346c8000-7f71347c8000 rw-p 00000000 00:00 0                          [stack:20888]
7f71347c8000-7f71347c9000 ---p 00000000 00:00 0 
7f71347c9000-7f71348c9000 rw-p 00000000 00:00 0                          [stack:20887]
7f71348c9000-7f71348ca000 ---p 00000000 00:00 0 
7f71348ca000-7f71349ca000 rw-p 00000000 00:00 0                          [stack:20886]
7f71349ca000-7f71349cb000 ---p 00000000 00:00 0 
7f71349cb000-7f7134b1f000 rw-p 00000000 00:00 0                          [stack:20885]
7f7134b1f000-7f7135000000 rw-p 00000000 00:00 0 
7f7135000000-7f7135270000 rwxp 00000000 00:00 0 
7f7135270000-7f71381b5000 rw-p 00000000 00:00 0 
7f71381b5000-7f713c000000 ---p 00000000 00:00 0 
7f713c018000-7f713c019000 ---p 00000000 00:00 0 
7f713c019000-7f713c124000 rw-p 00000000 00:00 0                          [stack:20884]
7f713c124000-7f713c16c000 rw-p 00000000 00:00 0 
7f713c16c000-7f713c177000 rw-p 00000000 00:00 0 
7f713c177000-7f713c1bf000 rw-p 00000000 00:00 0 
7f713c1bf000-7f713c213000 rw-p 00000000 00:00 0 
7f713c213000-7f713c6f3000 rw-p 00000000 00:00 0 
7f713c6f3000-7f713c71e000 rw-p 00000000 00:00 0 
7f713c71e000-7f713c98e000 rw-p 00000000 00:00 0 
7f713c98e000-7f713c98f000 rw-p 00000000 00:00 0 
7f713c98f000-7f713c997000 r-xp 00000000 08:01 33310451                   /usr/lib/jvm/java-7-openjdk-amd64/jre/lib/amd64/libzip.so
7f713c997000-7f713cb96000 ---p 00008000 08:01 33310451                   /usr/lib/jvm/java-7-openjdk-amd64/jre/lib/amd64/libzip.so
7f713cb96000-7f713cb97000 r--p 00007000 08:01 33310451                   /usr/lib/jvm/java-7-openjdk-amd64/jre/lib/amd64/libzip.so
7f713cb97000-7f713cb98000 rw-p 00008000 08:01 33310451                   /usr/lib/jvm/java-7-openjdk-amd64/jre/lib/amd64/libzip.so
7f713cb98000-7f713cba3000 r-xp 00000000 08:01 29102027                   /lib/x86_64-linux-gnu/libnss_files-2.19.so
7f713cba3000-7f713cda2000 ---p 0000b000 08:01 29102027                   /lib/x86_64-linux-gnu/libnss_files-2.19.so
7f713cda2000-7f713cda3000 r--p 0000a000 08:01 29102027                   /lib/x86_64-linux-gnu/libnss_files-2.19.so
7f713cda3000-7f713cda4000 rw-p 0000b000 08:01 29102027                   /lib/x86_64-linux-gnu/libnss_files-2.19.so
7f713cda4000-7f713cdaf000 r-xp 00000000 08:01 29102019                   /lib/x86_64-linux-gnu/libnss_nis-2.19.so
7f713cdaf000-7f713cfae000 ---p 0000b000 08:01 29102019                   /lib/x86_64-linux-gnu/libnss_nis-2.19.so
7f713cfae000-7f713cfaf000 r--p 0000a000 08:01 29102019                   /lib/x86_64-linux-gnu/libnss_nis-2.19.so
7f713cfaf000-7f713cfb0000 rw-p 0000b000 08:01 29102019                   /lib/x86_64-linux-gnu/libnss_nis-2.19.so
7f713cfb0000-7f713cfc7000 r-xp 00000000 08:01 29101976                   /lib/x86_64-linux-gnu/libnsl-2.19.so
7f713cfc7000-7f713d1c6000 ---p 00017000 08:01 29101976                   /lib/x86_64-linux-gnu/libnsl-2.19.so
7f713d1c6000-7f713d1c7000 r--p 00016000 08:01 29101976                   /lib/x86_64-linux-gnu/libnsl-2.19.so
7f713d1c7000-7f713d1c8000 rw-p 00017000 08:01 29101976                   /lib/x86_64-linux-gnu/libnsl-2.19.so
7f713d1c8000-7f713d1ca000 rw-p 00000000 00:00 0 
7f713d1ca000-7f713d1d3000 r-xp 00000000 08:01 29101966                   /lib/x86_64-linux-gnu/libnss_compat-2.19.so
7f713d1d3000-7f713d3d2000 ---p 00009000 08:01 29101966                   /lib/x86_64-linux-gnu/libnss_compat-2.19.so
7f713d3d2000-7f713d3d3000 r--p 00008000 08:01 29101966                   /lib/x86_64-linux-gnu/libnss_compat-2.19.so
7f713d3d3000-7f713d3d4000 rw-p 00009000 08:01 29101966                   /lib/x86_64-linux-gnu/libnss_compat-2.19.so
7f713d3d4000-7f713d3ff000 r-xp 00000000 08:01 33310472                   /usr/lib/jvm/java-7-openjdk-amd64/jre/lib/amd64/libjava.so
7f713d3ff000-7f713d5ff000 ---p 0002b000 08:01 33310472                   /usr/lib/jvm/java-7-openjdk-amd64/jre/lib/amd64/libjava.so
7f713d5ff000-7f713d600000 r--p 0002b000 08:01 33310472                   /usr/lib/jvm/java-7-openjdk-amd64/jre/lib/amd64/libjava.so
7f713d600000-7f713d602000 rw-p 0002c000 08:01 33310472                   /usr/lib/jvm/java-7-openjdk-amd64/jre/lib/amd64/libjava.so
7f713d602000-7f713d612000 r-xp 00000000 08:01 33310456                   /usr/lib/jvm/java-7-openjdk-amd64/jre/lib/amd64/libverify.so
7f713d612000-7f713d811000 ---p 00010000 08:01 33310456                   /usr/lib/jvm/java-7-openjdk-amd64/jre/lib/amd64/libverify.so
7f713d811000-7f713d813000 r--p 0000f000 08:01 33310456                   /usr/lib/jvm/java-7-openjdk-amd64/jre/lib/amd64/libverify.so
7f713d813000-7f713d814000 rw-p 00011000 08:01 33310456                   /usr/lib/jvm/java-7-openjdk-amd64/jre/lib/amd64/libverify.so
7f713d814000-7f713d81b000 r-xp 00000000 08:01 29102023                   /lib/x86_64-linux-gnu/librt-2.19.so
7f713d81b000-7f713da1a000 ---p 00007000 08:01 29102023                   /lib/x86_64-linux-gnu/librt-2.19.so
7f713da1a000-7f713da1b000 r--p 00006000 08:01 29102023                   /lib/x86_64-linux-gnu/librt-2.19.so
7f713da1b000-7f713da1c000 rw-p 00007000 08:01 29102023                   /lib/x86_64-linux-gnu/librt-2.19.so
7f713da1c000-7f713da32000 r-xp 00000000 08:01 29098013                   /lib/x86_64-linux-gnu/libgcc_s.so.1
7f713da32000-7f713dc31000 ---p 00016000 08:01 29098013                   /lib/x86_64-linux-gnu/libgcc_s.so.1
7f713dc31000-7f713dc32000 rw-p 00015000 08:01 29098013                   /lib/x86_64-linux-gnu/libgcc_s.so.1
7f713dc32000-7f713dd37000 r-xp 00000000 08:01 29098995                   /lib/x86_64-linux-gnu/libm-2.19.so
7f713dd37000-7f713df36000 ---p 00105000 08:01 29098995                   /lib/x86_64-linux-gnu/libm-2.19.so
7f713df36000-7f713df37000 r--p 00104000 08:01 29098995                   /lib/x86_64-linux-gnu/libm-2.19.so
7f713df37000-7f713df38000 rw-p 00105000 08:01 29098995                   /lib/x86_64-linux-gnu/libm-2.19.so
7f713df38000-7f713e01e000 r-xp 00000000 08:01 31850672                   /usr/lib/x86_64-linux-gnu/libstdc++.so.6.0.19
7f713e01e000-7f713e21d000 ---p 000e6000 08:01 31850672                   /usr/lib/x86_64-linux-gnu/libstdc++.so.6.0.19
7f713e21d000-7f713e225000 r--p 000e5000 08:01 31850672                   /usr/lib/x86_64-linux-gnu/libstdc++.so.6.0.19
7f713e225000-7f713e227000 rw-p 000ed000 08:01 31850672                   /usr/lib/x86_64-linux-gnu/libstdc++.so.6.0.19
7f713e227000-7f713e23c000 rw-p 00000000 00:00 0 
7f713e23c000-7f713ed61000 r-xp 00000000 08:01 33310452                   /usr/lib/jvm/java-7-openjdk-amd64/jre/lib/amd64/server/libjvm.so
7f713ed61000-7f713ef61000 ---p 00b25000 08:01 33310452                   /usr/lib/jvm/java-7-openjdk-amd64/jre/lib/amd64/server/libjvm.so
7f713ef61000-7f713effb000 r--p 00b25000 08:01 33310452                   /usr/lib/jvm/java-7-openjdk-amd64/jre/lib/amd64/server/libjvm.so
7f713effb000-7f713f01e000 rw-p 00bbf000 08:01 33310452                   /usr/lib/jvm/java-7-openjdk-amd64/jre/lib/amd64/server/libjvm.so
7f713f01e000-7f713f04c000 rw-p 00000000 00:00 0 
7f713f04c000-7f713f064000 r-xp 00000000 08:01 29102112                   /lib/x86_64-linux-gnu/libz.so.1.2.8
7f713f064000-7f713f263000 ---p 00018000 08:01 29102112                   /lib/x86_64-linux-gnu/libz.so.1.2.8
7f713f263000-7f713f264000 r--p 00017000 08:01 29102112                   /lib/x86_64-linux-gnu/libz.so.1.2.8
7f713f264000-7f713f265000 rw-p 00018000 08:01 29102112                   /lib/x86_64-linux-gnu/libz.so.1.2.8
7f713f265000-7f713f27e000 r-xp 00000000 08:01 29101999                   /lib/x86_64-linux-gnu/libpthread-2.19.so
7f713f27e000-7f713f47d000 ---p 00019000 08:01 29101999                   /lib/x86_64-linux-gnu/libpthread-2.19.so
7f713f47d000-7f713f47e000 r--p 00018000 08:01 29101999                   /lib/x86_64-linux-gnu/libpthread-2.19.so
7f713f47e000-7f713f47f000 rw-p 00019000 08:01 29101999                   /lib/x86_64-linux-gnu/libpthread-2.19.so
7f713f47f000-7f713f483000 rw-p 00000000 00:00 0 
7f713f483000-7f713f486000 r-xp 00000000 08:01 29101926                   /lib/x86_64-linux-gnu/libdl-2.19.so
7f713f486000-7f713f685000 ---p 00003000 08:01 29101926                   /lib/x86_64-linux-gnu/libdl-2.19.so
7f713f685000-7f713f686000 r--p 00002000 08:01 29101926                   /lib/x86_64-linux-gnu/libdl-2.19.so
7f713f686000-7f713f687000 rw-p 00003000 08:01 29101926                   /lib/x86_64-linux-gnu/libdl-2.19.so
7f713f687000-7f713f842000 r-xp 00000000 08:01 29102024                   /lib/x86_64-linux-gnu/libc-2.19.so
7f713f842000-7f713fa41000 ---p 001bb000 08:01 29102024                   /lib/x86_64-linux-gnu/libc-2.19.so
7f713fa41000-7f713fa45000 r--p 001ba000 08:01 29102024                   /lib/x86_64-linux-gnu/libc-2.19.so
7f713fa45000-7f713fa47000 rw-p 001be000 08:01 29102024                   /lib/x86_64-linux-gnu/libc-2.19.so
7f713fa47000-7f713fa4c000 rw-p 00000000 00:00 0 
7f713fa4c000-7f713fa59000 r-xp 00000000 08:01 33310446                   /usr/lib/jvm/java-7-openjdk-amd64/jre/lib/amd64/jli/libjli.so
7f713fa59000-7f713fc58000 ---p 0000d000 08:01 33310446                   /usr/lib/jvm/java-7-openjdk-amd64/jre/lib/amd64/jli/libjli.so
7f713fc58000-7f713fc59000 r--p 0000c000 08:01 33310446                   /usr/lib/jvm/java-7-openjdk-amd64/jre/lib/amd64/jli/libjli.so
7f713fc59000-7f713fc5a000 rw-p 0000d000 08:01 33310446                   /usr/lib/jvm/java-7-openjdk-amd64/jre/lib/amd64/jli/libjli.so
7f713fc5a000-7f713fc7d000 r-xp 00000000 08:01 29102000                   /lib/x86_64-linux-gnu/ld-2.19.so
7f713fc89000-7f713fc8b000 rw-p 00000000 00:00 0 
7f713fc8b000-7f713fc96000 r--s 00203000 08:01 33310422                   /usr/lib/jvm/java-7-openjdk-amd64/jre/lib/charsets.jar
7f713fc96000-7f713fc98000 r--s 00012000 08:01 33310483                   /usr/lib/jvm/java-7-openjdk-amd64/jre/lib/ext/zipfs.jar
7f713fc98000-7f713fc99000 r--s 00002000 08:01 33310485                   /usr/lib/jvm/java-7-openjdk-amd64/jre/lib/ext/dnsns.jar
7f713fc99000-7f713fc9d000 r--s 00085000 08:01 33310481                   /usr/lib/jvm/java-7-openjdk-amd64/jre/lib/ext/localedata.jar
7f713fc9d000-7f713fca7000 rw-p 00000000 00:00 0 
7f713fca7000-7f713fd5d000 rw-p 00000000 00:00 0 
7f713fd5d000-7f713fd60000 ---p 00000000 00:00 0 
7f713fd60000-7f713fe63000 rw-p 00000000 00:00 0                          [stack:20883]
7f713fe63000-7f713fe66000 r--s 0000f000 08:01 33310486                   /usr/lib/jvm/java-7-openjdk-amd64/jre/lib/ext/icedtea-sound.jar
7f713fe66000-7f713fe6a000 r--s 00034000 08:01 33310482                   /usr/lib/jvm/java-7-openjdk-amd64/jre/lib/ext/sunjce_provider.jar
7f713fe6a000-7f713fe6e000 r--s 0003c000 08:01 33310484                   /usr/lib/jvm/java-7-openjdk-amd64/jre/lib/ext/sunpkcs11.jar
7f713fe6e000-7f713fe70000 r--s 00006000 08:01 32244644                   /usr/share/java/java-atk-wrapper.jar
7f713fe70000-7f713fe78000 rw-s 00000000 08:01 34343038                   /tmp/hsperfdata_dblab/20882
7f713fe78000-7f713fe79000 rw-p 00000000 00:00 0 
7f713fe79000-7f713fe7a000 r--p 00000000 00:00 0 
7f713fe7a000-7f713fe7c000 rw-p 00000000 00:00 0 
7f713fe7c000-7f713fe7d000 r--p 00022000 08:01 29102000                   /lib/x86_64-linux-gnu/ld-2.19.so
7f713fe7d000-7f713fe7e000 rw-p 00023000 08:01 29102000                   /lib/x86_64-linux-gnu/ld-2.19.so
7f713fe7e000-7f713fe7f000 rw-p 00000000 00:00 0 
7fffab754000-7fffab775000 rw-p 00000000 00:00 0                          [stack]
7fffab79e000-7fffab7a0000 r-xp 00000000 00:00 0                          [vdso]
ffffffffff600000-ffffffffff601000 r-xp 00000000 00:00 0                  [vsyscall]

VM Arguments:
java_command: Cpu
Launcher Type: SUN_STANDARD

Environment Variables:
PATH=/usr/local/cuda-7.5/bin:/home/dblab/anaconda2/bin:/usr/local/sbin:/usr/local/bin:/usr/sbin:/usr/bin:/sbin:/bin:/usr/games:/usr/local/games
LD_LIBRARY_PATH=/usr/local/cuda-7.5/lib64:/usr/local/cuda-7.5/lib64:
SHELL=/bin/zsh
DISPLAY=:0

Signal Handlers:
SIGSEGV: [libjvm.so+0x955bc0], sa_mask[0]=0x7ffbfeff, sa_flags=0x10000004
SIGBUS: [libjvm.so+0x955bc0], sa_mask[0]=0x7ffbfeff, sa_flags=0x10000004
SIGFPE: [libjvm.so+0x7caff0], sa_mask[0]=0x7ffbfeff, sa_flags=0x10000004
SIGPIPE: [libjvm.so+0x7caff0], sa_mask[0]=0x7ffbfeff, sa_flags=0x10000004
SIGXFSZ: [libjvm.so+0x7caff0], sa_mask[0]=0x7ffbfeff, sa_flags=0x10000004
SIGILL: [libjvm.so+0x7caff0], sa_mask[0]=0x7ffbfeff, sa_flags=0x10000004
SIGUSR1: SIG_DFL, sa_mask[0]=0x00000000, sa_flags=0x00000000
SIGUSR2: [libjvm.so+0x7cae90], sa_mask[0]=0x00000000, sa_flags=0x10000004
SIGHUP: [libjvm.so+0x7cb070], sa_mask[0]=0x7ffbfeff, sa_flags=0x10000004
SIGINT: [libjvm.so+0x7cb070], sa_mask[0]=0x7ffbfeff, sa_flags=0x10000004
SIGTERM: [libjvm.so+0x7cb070], sa_mask[0]=0x7ffbfeff, sa_flags=0x10000004
SIGQUIT: [libjvm.so+0x7cb070], sa_mask[0]=0x7ffbfeff, sa_flags=0x10000004
SIGTRAP: SIG_DFL, sa_mask[0]=0x00000000, sa_flags=0x00000000


---------------  S Y S T E M  ---------------

OS:Ubuntu 14.04 (trusty)
uname:Linux 3.13.0-82-generic #126-Ubuntu SMP Tue Mar 8 22:44:00 UTC 2016 x86_64
libc:glibc 2.19 NPTL 2.19 
rlimit: STACK 8192k, CORE 0k, NPROC 127731, NOFILE 4096, AS infinity
load average:0.07 0.19 0.20

/proc/meminfo:
MemTotal:       16371240 kB
MemFree:        10292116 kB
Buffers:          339716 kB
Cached:          1921192 kB
SwapCached:            0 kB
Active:          4677344 kB
Inactive:         868172 kB
Active(anon):    3286872 kB
Inactive(anon):    26156 kB
Active(file):    1390472 kB
Inactive(file):   842016 kB
Unevictable:          32 kB
Mlocked:              32 kB
SwapTotal:      16712700 kB
SwapFree:       16712700 kB
Dirty:               220 kB
Writeback:             0 kB
AnonPages:       3284904 kB
Mapped:           344660 kB
Shmem:             28424 kB
Slab:             246988 kB
SReclaimable:     180028 kB
SUnreclaim:        66960 kB
KernelStack:       10896 kB
PageTables:        70128 kB
NFS_Unstable:          0 kB
Bounce:                0 kB
WritebackTmp:          0 kB
CommitLimit:    24898320 kB
Committed_AS:   11446320 kB
VmallocTotal:   34359738367 kB
VmallocUsed:      141164 kB
VmallocChunk:   34359592444 kB
HardwareCorrupted:     0 kB
AnonHugePages:   2058240 kB
HugePages_Total:       0
HugePages_Free:        0
HugePages_Rsvd:        0
HugePages_Surp:        0
Hugepagesize:       2048 kB
DirectMap4k:      334632 kB
DirectMap2M:     6942720 kB
DirectMap1G:     9437184 kB


CPU:total 8 (4 cores per cpu, 2 threads per core) family 6 model 60 stepping 3, cmov, cx8, fxsr, mmx, sse, sse2, sse3, ssse3, sse4.1, sse4.2, popcnt, avx, avx2, aes, erms, ht, tsc, tscinvbit

/proc/cpuinfo:
processor	: 0
vendor_id	: GenuineIntel
cpu family	: 6
model		: 60
model name	: Intel(R) Core(TM) i7-4790 CPU @ 3.60GHz
stepping	: 3
microcode	: 0x19
cpu MHz		: 800.000
cache size	: 8192 KB
physical id	: 0
siblings	: 8
core id		: 0
cpu cores	: 4
apicid		: 0
initial apicid	: 0
fpu		: yes
fpu_exception	: yes
cpuid level	: 13
wp		: yes
flags		: fpu vme de pse tsc msr pae mce cx8 apic sep mtrr pge mca cmov pat pse36 clflush dts acpi mmx fxsr sse sse2 ss ht tm pbe syscall nx pdpe1gb rdtscp lm constant_tsc arch_perfmon pebs bts rep_good nopl xtopology nonstop_tsc aperfmperf eagerfpu pni pclmulqdq dtes64 monitor ds_cpl vmx smx est tm2 ssse3 fma cx16 xtpr pdcm pcid sse4_1 sse4_2 x2apic movbe popcnt tsc_deadline_timer aes xsave avx f16c rdrand lahf_lm abm ida arat epb xsaveopt pln pts dtherm tpr_shadow vnmi flexpriority ept vpid fsgsbase tsc_adjust bmi1 hle avx2 smep bmi2 erms invpcid rtm
bogomips	: 7182.80
clflush size	: 64
cache_alignment	: 64
address sizes	: 39 bits physical, 48 bits virtual
power management:

processor	: 1
vendor_id	: GenuineIntel
cpu family	: 6
model		: 60
model name	: Intel(R) Core(TM) i7-4790 CPU @ 3.60GHz
stepping	: 3
microcode	: 0x19
cpu MHz		: 800.000
cache size	: 8192 KB
physical id	: 0
siblings	: 8
core id		: 1
cpu cores	: 4
apicid		: 2
initial apicid	: 2
fpu		: yes
fpu_exception	: yes
cpuid level	: 13
wp		: yes
flags		: fpu vme de pse tsc msr pae mce cx8 apic sep mtrr pge mca cmov pat pse36 clflush dts acpi mmx fxsr sse sse2 ss ht tm pbe syscall nx pdpe1gb rdtscp lm constant_tsc arch_perfmon pebs bts rep_good nopl xtopology nonstop_tsc aperfmperf eagerfpu pni pclmulqdq dtes64 monitor ds_cpl vmx smx est tm2 ssse3 fma cx16 xtpr pdcm pcid sse4_1 sse4_2 x2apic movbe popcnt tsc_deadline_timer aes xsave avx f16c rdrand lahf_lm abm ida arat epb xsaveopt pln pts dtherm tpr_shadow vnmi flexpriority ept vpid fsgsbase tsc_adjust bmi1 hle avx2 smep bmi2 erms invpcid rtm
bogomips	: 7182.80
clflush size	: 64
cache_alignment	: 64
address sizes	: 39 bits physical, 48 bits virtual
power management:

processor	: 2
vendor_id	: GenuineIntel
cpu family	: 6
model		: 60
model name	: Intel(R) Core(TM) i7-4790 CPU @ 3.60GHz
stepping	: 3
microcode	: 0x19
cpu MHz		: 800.000
cache size	: 8192 KB
physical id	: 0
siblings	: 8
core id		: 2
cpu cores	: 4
apicid		: 4
initial apicid	: 4
fpu		: yes
fpu_exception	: yes
cpuid level	: 13
wp		: yes
flags		: fpu vme de pse tsc msr pae mce cx8 apic sep mtrr pge mca cmov pat pse36 clflush dts acpi mmx fxsr sse sse2 ss ht tm pbe syscall nx pdpe1gb rdtscp lm constant_tsc arch_perfmon pebs bts rep_good nopl xtopology nonstop_tsc aperfmperf eagerfpu pni pclmulqdq dtes64 monitor ds_cpl vmx smx est tm2 ssse3 fma cx16 xtpr pdcm pcid sse4_1 sse4_2 x2apic movbe popcnt tsc_deadline_timer aes xsave avx f16c rdrand lahf_lm abm ida arat epb xsaveopt pln pts dtherm tpr_shadow vnmi flexpriority ept vpid fsgsbase tsc_adjust bmi1 hle avx2 smep bmi2 erms invpcid rtm
bogomips	: 7182.80
clflush size	: 64
cache_alignment	: 64
address sizes	: 39 bits physical, 48 bits virtual
power management:

processor	: 3
vendor_id	: GenuineIntel
cpu family	: 6
model		: 60
model name	: Intel(R) Core(TM) i7-4790 CPU @ 3.60GHz
stepping	: 3
microcode	: 0x19
cpu MHz		: 800.000
cache size	: 8192 KB
physical id	: 0
siblings	: 8
core id		: 3
cpu cores	: 4
apicid		: 6
initial apicid	: 6
fpu		: yes
fpu_exception	: yes
cpuid level	: 13
wp		: yes
flags		: fpu vme de pse tsc msr pae mce cx8 apic sep mtrr pge mca cmov pat pse36 clflush dts acpi mmx fxsr sse sse2 ss ht tm pbe syscall nx pdpe1gb rdtscp lm constant_tsc arch_perfmon pebs bts rep_good nopl xtopology nonstop_tsc aperfmperf eagerfpu pni pclmulqdq dtes64 monitor ds_cpl vmx smx est tm2 ssse3 fma cx16 xtpr pdcm pcid sse4_1 sse4_2 x2apic movbe popcnt tsc_deadline_timer aes xsave avx f16c rdrand lahf_lm abm ida arat epb xsaveopt pln pts dtherm tpr_shadow vnmi flexpriority ept vpid fsgsbase tsc_adjust bmi1 hle avx2 smep bmi2 erms invpcid rtm
bogomips	: 7182.80
clflush size	: 64
cache_alignment	: 64
address sizes	: 39 bits physical, 48 bits virtual
power management:

processor	: 4
vendor_id	: GenuineIntel
cpu family	: 6
model		: 60
model name	: Intel(R) Core(TM) i7-4790 CPU @ 3.60GHz
stepping	: 3
microcode	: 0x19
cpu MHz		: 1200.000
cache size	: 8192 KB
physical id	: 0
siblings	: 8
core id		: 0
cpu cores	: 4
apicid		: 1
initial apicid	: 1
fpu		: yes
fpu_exception	: yes
cpuid level	: 13
wp		: yes
flags		: fpu vme de pse tsc msr pae mce cx8 apic sep mtrr pge mca cmov pat pse36 clflush dts acpi mmx fxsr sse sse2 ss ht tm pbe syscall nx pdpe1gb rdtscp lm constant_tsc arch_perfmon pebs bts rep_good nopl xtopology nonstop_tsc aperfmperf eagerfpu pni pclmulqdq dtes64 monitor ds_cpl vmx smx est tm2 ssse3 fma cx16 xtpr pdcm pcid sse4_1 sse4_2 x2apic movbe popcnt tsc_deadline_timer aes xsave avx f16c rdrand lahf_lm abm ida arat epb xsaveopt pln pts dtherm tpr_shadow vnmi flexpriority ept vpid fsgsbase tsc_adjust bmi1 hle avx2 smep bmi2 erms invpcid rtm
bogomips	: 7182.80
clflush size	: 64
cache_alignment	: 64
address sizes	: 39 bits physical, 48 bits virtual
power management:

processor	: 5
vendor_id	: GenuineIntel
cpu family	: 6
model		: 60
model name	: Intel(R) Core(TM) i7-4790 CPU @ 3.60GHz
stepping	: 3
microcode	: 0x19
cpu MHz		: 800.000
cache size	: 8192 KB
physical id	: 0
siblings	: 8
core id		: 1
cpu cores	: 4
apicid		: 3
initial apicid	: 3
fpu		: yes
fpu_exception	: yes
cpuid level	: 13
wp		: yes
flags		: fpu vme de pse tsc msr pae mce cx8 apic sep mtrr pge mca cmov pat pse36 clflush dts acpi mmx fxsr sse sse2 ss ht tm pbe syscall nx pdpe1gb rdtscp lm constant_tsc arch_perfmon pebs bts rep_good nopl xtopology nonstop_tsc aperfmperf eagerfpu pni pclmulqdq dtes64 monitor ds_cpl vmx smx est tm2 ssse3 fma cx16 xtpr pdcm pcid sse4_1 sse4_2 x2apic movbe popcnt tsc_deadline_timer aes xsave avx f16c rdrand lahf_lm abm ida arat epb xsaveopt pln pts dtherm tpr_shadow vnmi flexpriority ept vpid fsgsbase tsc_adjust bmi1 hle avx2 smep bmi2 erms invpcid rtm
bogomips	: 7182.80
clflush size	: 64
cache_alignment	: 64
address sizes	: 39 bits physical, 48 bits virtual
power management:

processor	: 6
vendor_id	: GenuineIntel
cpu family	: 6
model		: 60
model name	: Intel(R) Core(TM) i7-4790 CPU @ 3.60GHz
stepping	: 3
microcode	: 0x19
cpu MHz		: 800.000
cache size	: 8192 KB
physical id	: 0
siblings	: 8
core id		: 2
cpu cores	: 4
apicid		: 5
initial apicid	: 5
fpu		: yes
fpu_exception	: yes
cpuid level	: 13
wp		: yes
flags		: fpu vme de pse tsc msr pae mce cx8 apic sep mtrr pge mca cmov pat pse36 clflush dts acpi mmx fxsr sse sse2 ss ht tm pbe syscall nx pdpe1gb rdtscp lm constant_tsc arch_perfmon pebs bts rep_good nopl xtopology nonstop_tsc aperfmperf eagerfpu pni pclmulqdq dtes64 monitor ds_cpl vmx smx est tm2 ssse3 fma cx16 xtpr pdcm pcid sse4_1 sse4_2 x2apic movbe popcnt tsc_deadline_timer aes xsave avx f16c rdrand lahf_lm abm ida arat epb xsaveopt pln pts dtherm tpr_shadow vnmi flexpriority ept vpid fsgsbase tsc_adjust bmi1 hle avx2 smep bmi2 erms invpcid rtm
bogomips	: 7182.80
clflush size	: 64
cache_alignment	: 64
address sizes	: 39 bits physical, 48 bits virtual
power management:

processor	: 7
vendor_id	: GenuineIntel
cpu family	: 6
model		: 60
model name	: Intel(R) Core(TM) i7-4790 CPU @ 3.60GHz
stepping	: 3
microcode	: 0x19
cpu MHz		: 3601.000
cache size	: 8192 KB
physical id	: 0
siblings	: 8
core id		: 3
cpu cores	: 4
apicid		: 7
initial apicid	: 7
fpu		: yes
fpu_exception	: yes
cpuid level	: 13
wp		: yes
flags		: fpu vme de pse tsc msr pae mce cx8 apic sep mtrr pge mca cmov pat pse36 clflush dts acpi mmx fxsr sse sse2 ss ht tm pbe syscall nx pdpe1gb rdtscp lm constant_tsc arch_perfmon pebs bts rep_good nopl xtopology nonstop_tsc aperfmperf eagerfpu pni pclmulqdq dtes64 monitor ds_cpl vmx smx est tm2 ssse3 fma cx16 xtpr pdcm pcid sse4_1 sse4_2 x2apic movbe popcnt tsc_deadline_timer aes xsave avx f16c rdrand lahf_lm abm ida arat epb xsaveopt pln pts dtherm tpr_shadow vnmi flexpriority ept vpid fsgsbase tsc_adjust bmi1 hle avx2 smep bmi2 erms invpcid rtm
bogomips	: 7182.80
clflush size	: 64
cache_alignment	: 64
address sizes	: 39 bits physical, 48 bits virtual
power management:



Memory: 4k page, physical 16371240k(10292116k free), swap 16712700k(16712700k free)

vm_info: OpenJDK 64-Bit Server VM (24.95-b01) for linux-amd64 JRE (1.7.0_95-b00), built on Jan 21 2016 03:31:40 by "buildd" with gcc 4.8.4

time: Wed May 18 10:35:29 2016
elapsed time: 0 seconds

